2024-10-25T20:11:40.515+09:00  INFO 18410 --- [restartedMain] m.c.A.SpringBootDeveloperApplication     : Starting SpringBootDeveloperApplication using Java 17.0.10 with PID 18410 (/Users/myuyong/Desktop/spring_ex/AirBnb_renewal/out/production/classes started by myuyong in /Users/myuyong/Desktop/spring_ex/AirBnb_renewal)
2024-10-25T20:11:40.516+09:00  INFO 18410 --- [restartedMain] m.c.A.SpringBootDeveloperApplication     : No active profile set, falling back to 1 default profile: "default"
2024-10-25T20:11:40.537+09:00  INFO 18410 --- [restartedMain] .e.DevToolsPropertyDefaultsPostProcessor : Devtools property defaults active! Set 'spring.devtools.add-properties' to 'false' to disable
2024-10-25T20:11:40.537+09:00  INFO 18410 --- [restartedMain] .e.DevToolsPropertyDefaultsPostProcessor : For additional web related logging consider setting the 'logging.level.web' property to 'DEBUG'
2024-10-25T20:11:40.789+09:00  INFO 18410 --- [restartedMain] .s.d.r.c.RepositoryConfigurationDelegate : Bootstrapping Spring Data JPA repositories in DEFAULT mode.
2024-10-25T20:11:40.808+09:00  INFO 18410 --- [restartedMain] .s.d.r.c.RepositoryConfigurationDelegate : Finished Spring Data repository scanning in 16 ms. Found 1 JPA repository interface.
2024-10-25T20:11:41.026+09:00  INFO 18410 --- [restartedMain] o.s.b.w.embedded.tomcat.TomcatWebServer  : Tomcat initialized with port 8080 (http)
2024-10-25T20:11:41.029+09:00  INFO 18410 --- [restartedMain] o.apache.catalina.core.StandardService   : Starting service [Tomcat]
2024-10-25T20:11:41.029+09:00  INFO 18410 --- [restartedMain] o.apache.catalina.core.StandardEngine    : Starting Servlet engine: [Apache Tomcat/10.1.16]
2024-10-25T20:11:41.046+09:00  INFO 18410 --- [restartedMain] o.a.c.c.C.[Tomcat].[localhost].[/]       : Initializing Spring embedded WebApplicationContext
2024-10-25T20:11:41.046+09:00  INFO 18410 --- [restartedMain] w.s.c.ServletWebServerApplicationContext : Root WebApplicationContext: initialization completed in 509 ms
2024-10-25T20:11:41.108+09:00  INFO 18410 --- [restartedMain] o.hibernate.jpa.internal.util.LogHelper  : HHH000204: Processing PersistenceUnitInfo [name: default]
2024-10-25T20:11:41.127+09:00  INFO 18410 --- [restartedMain] org.hibernate.Version                    : HHH000412: Hibernate ORM core version 6.3.1.Final
2024-10-25T20:11:41.139+09:00  INFO 18410 --- [restartedMain] o.h.c.internal.RegionFactoryInitiator    : HHH000026: Second-level cache disabled
2024-10-25T20:11:41.228+09:00  INFO 18410 --- [restartedMain] o.s.o.j.p.SpringPersistenceUnitInfo      : No LoadTimeWeaver setup: ignoring JPA class transformer
2024-10-25T20:11:41.238+09:00  INFO 18410 --- [restartedMain] com.zaxxer.hikari.HikariDataSource       : HikariPool-1 - Starting...
2024-10-25T20:11:41.363+09:00  INFO 18410 --- [restartedMain] com.zaxxer.hikari.pool.HikariPool        : HikariPool-1 - Added connection com.mysql.cj.jdbc.ConnectionImpl@3b5f8c1
2024-10-25T20:11:41.364+09:00  INFO 18410 --- [restartedMain] com.zaxxer.hikari.HikariDataSource       : HikariPool-1 - Start completed.
2024-10-25T20:11:41.387+09:00  WARN 18410 --- [restartedMain] org.hibernate.orm.deprecation            : HHH90000025: MySQLDialect does not need to be specified explicitly using 'hibernate.dialect' (remove the property setting and it will be selected by default)
2024-10-25T20:11:41.705+09:00  INFO 18410 --- [restartedMain] o.h.e.t.j.p.i.JtaPlatformInitiator       : HHH000489: No JTA platform available (set 'hibernate.transaction.jta.platform' to enable JTA platform integration)
2024-10-25T20:11:41.725+09:00  INFO 18410 --- [restartedMain] j.LocalContainerEntityManagerFactoryBean : Initialized JPA EntityManagerFactory for persistence unit 'default'
2024-10-25T20:11:41.868+09:00  WARN 18410 --- [restartedMain] JpaBaseConfiguration$JpaWebConfiguration : spring.jpa.open-in-view is enabled by default. Therefore, database queries may be performed during view rendering. Explicitly configure spring.jpa.open-in-view to disable this warning
2024-10-25T20:11:41.969+09:00  INFO 18410 --- [restartedMain] o.s.s.web.DefaultSecurityFilterChain     : Will secure any request with [org.springframework.security.web.session.DisableEncodeUrlFilter@f250d11, org.springframework.security.web.context.request.async.WebAsyncManagerIntegrationFilter@c84664e, org.springframework.security.web.context.SecurityContextHolderFilter@217e53d3, org.springframework.security.web.header.HeaderWriterFilter@6ea369d8, org.springframework.web.filter.CorsFilter@35438ce6, org.springframework.security.web.authentication.logout.LogoutFilter@19f33d97, org.springframework.security.web.authentication.UsernamePasswordAuthenticationFilter@da1c063, org.springframework.security.web.savedrequest.RequestCacheAwareFilter@2d497593, org.springframework.security.web.servletapi.SecurityContextHolderAwareRequestFilter@597fe16a, org.springframework.security.web.authentication.AnonymousAuthenticationFilter@3846a9d2, org.springframework.security.web.access.ExceptionTranslationFilter@2518acaf, org.springframework.security.web.access.intercept.AuthorizationFilter@7e3a1480]
2024-10-25T20:11:42.064+09:00  INFO 18410 --- [restartedMain] o.s.b.d.a.OptionalLiveReloadServer       : LiveReload server is running on port 35729
2024-10-25T20:11:42.082+09:00  INFO 18410 --- [restartedMain] o.s.b.w.embedded.tomcat.TomcatWebServer  : Tomcat started on port 8080 (http) with context path ''
2024-10-25T20:11:42.087+09:00  INFO 18410 --- [restartedMain] m.c.A.SpringBootDeveloperApplication     : Started SpringBootDeveloperApplication in 1.745 seconds (process running for 1.982)
2024-10-25T20:12:59.102+09:00  INFO 18410 --- [http-nio-8080-exec-1] o.a.c.c.C.[Tomcat].[localhost].[/]       : Initializing Spring DispatcherServlet 'dispatcherServlet'
2024-10-25T20:12:59.102+09:00  INFO 18410 --- [http-nio-8080-exec-1] o.s.web.servlet.DispatcherServlet        : Initializing Servlet 'dispatcherServlet'
2024-10-25T20:12:59.103+09:00  INFO 18410 --- [http-nio-8080-exec-1] o.s.web.servlet.DispatcherServlet        : Completed initialization in 1 ms
2024-10-25T20:12:59.108+09:00  WARN 18410 --- [http-nio-8080-exec-1] o.s.w.s.h.HandlerMappingIntrospector     : Cache miss for REQUEST dispatch to '/login' (previous null). Performing CorsConfiguration lookup. This is logged once only at WARN level, and every time at TRACE.
2024-10-25T20:12:59.113+09:00  WARN 18410 --- [http-nio-8080-exec-1] o.s.w.s.h.HandlerMappingIntrospector     : Cache miss for REQUEST dispatch to '/login' (previous null). Performing MatchableHandlerMapping lookup. This is logged once only at WARN level, and every time at TRACE.
2024-10-25T20:13:23.383+09:00  INFO 18410 --- [SpringApplicationShutdownHook] j.LocalContainerEntityManagerFactoryBean : Closing JPA EntityManagerFactory for persistence unit 'default'
2024-10-25T20:13:23.385+09:00  INFO 18410 --- [SpringApplicationShutdownHook] com.zaxxer.hikari.HikariDataSource       : HikariPool-1 - Shutdown initiated...
2024-10-25T20:13:23.389+09:00  INFO 18410 --- [SpringApplicationShutdownHook] com.zaxxer.hikari.HikariDataSource       : HikariPool-1 - Shutdown completed.
2024-10-25T20:13:24.462+09:00  INFO 18528 --- [restartedMain] m.c.A.SpringBootDeveloperApplication     : Starting SpringBootDeveloperApplication using Java 17.0.10 with PID 18528 (/Users/myuyong/Desktop/spring_ex/AirBnb_renewal/out/production/classes started by myuyong in /Users/myuyong/Desktop/spring_ex/AirBnb_renewal)
2024-10-25T20:13:24.463+09:00  INFO 18528 --- [restartedMain] m.c.A.SpringBootDeveloperApplication     : No active profile set, falling back to 1 default profile: "default"
2024-10-25T20:13:24.485+09:00  INFO 18528 --- [restartedMain] .e.DevToolsPropertyDefaultsPostProcessor : Devtools property defaults active! Set 'spring.devtools.add-properties' to 'false' to disable
2024-10-25T20:13:24.485+09:00  INFO 18528 --- [restartedMain] .e.DevToolsPropertyDefaultsPostProcessor : For additional web related logging consider setting the 'logging.level.web' property to 'DEBUG'
2024-10-25T20:13:24.739+09:00  INFO 18528 --- [restartedMain] .s.d.r.c.RepositoryConfigurationDelegate : Bootstrapping Spring Data JPA repositories in DEFAULT mode.
2024-10-25T20:13:24.758+09:00  INFO 18528 --- [restartedMain] .s.d.r.c.RepositoryConfigurationDelegate : Finished Spring Data repository scanning in 16 ms. Found 1 JPA repository interface.
2024-10-25T20:13:24.963+09:00  INFO 18528 --- [restartedMain] o.s.b.w.embedded.tomcat.TomcatWebServer  : Tomcat initialized with port 8080 (http)
2024-10-25T20:13:24.967+09:00  INFO 18528 --- [restartedMain] o.apache.catalina.core.StandardService   : Starting service [Tomcat]
2024-10-25T20:13:24.967+09:00  INFO 18528 --- [restartedMain] o.apache.catalina.core.StandardEngine    : Starting Servlet engine: [Apache Tomcat/10.1.16]
2024-10-25T20:13:24.983+09:00  INFO 18528 --- [restartedMain] o.a.c.c.C.[Tomcat].[localhost].[/]       : Initializing Spring embedded WebApplicationContext
2024-10-25T20:13:24.984+09:00  INFO 18528 --- [restartedMain] w.s.c.ServletWebServerApplicationContext : Root WebApplicationContext: initialization completed in 498 ms
2024-10-25T20:13:25.041+09:00  INFO 18528 --- [restartedMain] o.hibernate.jpa.internal.util.LogHelper  : HHH000204: Processing PersistenceUnitInfo [name: default]
2024-10-25T20:13:25.059+09:00  INFO 18528 --- [restartedMain] org.hibernate.Version                    : HHH000412: Hibernate ORM core version 6.3.1.Final
2024-10-25T20:13:25.070+09:00  INFO 18528 --- [restartedMain] o.h.c.internal.RegionFactoryInitiator    : HHH000026: Second-level cache disabled
2024-10-25T20:13:25.179+09:00  INFO 18528 --- [restartedMain] o.s.o.j.p.SpringPersistenceUnitInfo      : No LoadTimeWeaver setup: ignoring JPA class transformer
2024-10-25T20:13:25.189+09:00  INFO 18528 --- [restartedMain] com.zaxxer.hikari.HikariDataSource       : HikariPool-1 - Starting...
2024-10-25T20:13:25.311+09:00  INFO 18528 --- [restartedMain] com.zaxxer.hikari.pool.HikariPool        : HikariPool-1 - Added connection com.mysql.cj.jdbc.ConnectionImpl@3adeb131
2024-10-25T20:13:25.312+09:00  INFO 18528 --- [restartedMain] com.zaxxer.hikari.HikariDataSource       : HikariPool-1 - Start completed.
2024-10-25T20:13:25.337+09:00  WARN 18528 --- [restartedMain] org.hibernate.orm.deprecation            : HHH90000025: MySQLDialect does not need to be specified explicitly using 'hibernate.dialect' (remove the property setting and it will be selected by default)
2024-10-25T20:13:25.626+09:00  INFO 18528 --- [restartedMain] o.h.e.t.j.p.i.JtaPlatformInitiator       : HHH000489: No JTA platform available (set 'hibernate.transaction.jta.platform' to enable JTA platform integration)
2024-10-25T20:13:25.644+09:00  INFO 18528 --- [restartedMain] j.LocalContainerEntityManagerFactoryBean : Initialized JPA EntityManagerFactory for persistence unit 'default'
2024-10-25T20:13:25.782+09:00  WARN 18528 --- [restartedMain] JpaBaseConfiguration$JpaWebConfiguration : spring.jpa.open-in-view is enabled by default. Therefore, database queries may be performed during view rendering. Explicitly configure spring.jpa.open-in-view to disable this warning
2024-10-25T20:13:25.907+09:00  INFO 18528 --- [restartedMain] o.s.s.web.DefaultSecurityFilterChain     : Will secure any request with [org.springframework.security.web.session.DisableEncodeUrlFilter@65c4c513, org.springframework.security.web.context.request.async.WebAsyncManagerIntegrationFilter@5fa86775, org.springframework.security.web.context.SecurityContextHolderFilter@1722719e, org.springframework.security.web.header.HeaderWriterFilter@580eb326, org.springframework.web.filter.CorsFilter@22d7b3c3, org.springframework.security.web.authentication.logout.LogoutFilter@7eb38ac8, org.springframework.security.web.authentication.UsernamePasswordAuthenticationFilter@417c826, org.springframework.security.web.savedrequest.RequestCacheAwareFilter@575c99f1, org.springframework.security.web.servletapi.SecurityContextHolderAwareRequestFilter@4cd82a72, org.springframework.security.web.authentication.AnonymousAuthenticationFilter@4ad0c3a1, org.springframework.security.web.access.ExceptionTranslationFilter@7dc41b8d, org.springframework.security.web.access.intercept.AuthorizationFilter@7898b2ec]
2024-10-25T20:13:26.002+09:00  INFO 18528 --- [restartedMain] o.s.b.d.a.OptionalLiveReloadServer       : LiveReload server is running on port 35729
2024-10-25T20:13:26.019+09:00  INFO 18528 --- [restartedMain] o.s.b.w.embedded.tomcat.TomcatWebServer  : Tomcat started on port 8080 (http) with context path ''
2024-10-25T20:13:26.024+09:00  INFO 18528 --- [restartedMain] m.c.A.SpringBootDeveloperApplication     : Started SpringBootDeveloperApplication in 1.768 seconds (process running for 2.072)
2024-10-25T20:13:26.866+09:00  INFO 18528 --- [http-nio-8080-exec-1] o.a.c.c.C.[Tomcat].[localhost].[/]       : Initializing Spring DispatcherServlet 'dispatcherServlet'
2024-10-25T20:13:26.866+09:00  INFO 18528 --- [http-nio-8080-exec-1] o.s.web.servlet.DispatcherServlet        : Initializing Servlet 'dispatcherServlet'
2024-10-25T20:13:26.867+09:00  INFO 18528 --- [http-nio-8080-exec-1] o.s.web.servlet.DispatcherServlet        : Completed initialization in 1 ms
2024-10-25T20:13:26.872+09:00  WARN 18528 --- [http-nio-8080-exec-1] o.s.w.s.h.HandlerMappingIntrospector     : Cache miss for REQUEST dispatch to '/error' (previous null). Performing CorsConfiguration lookup. This is logged once only at WARN level, and every time at TRACE.
2024-10-25T20:13:26.882+09:00  WARN 18528 --- [http-nio-8080-exec-1] o.s.w.s.h.HandlerMappingIntrospector     : Cache miss for REQUEST dispatch to '/error' (previous null). Performing MatchableHandlerMapping lookup. This is logged once only at WARN level, and every time at TRACE.
2024-10-25T20:18:45.555+09:00  INFO 18528 --- [SpringApplicationShutdownHook] j.LocalContainerEntityManagerFactoryBean : Closing JPA EntityManagerFactory for persistence unit 'default'
2024-10-25T20:18:45.557+09:00  INFO 18528 --- [SpringApplicationShutdownHook] com.zaxxer.hikari.HikariDataSource       : HikariPool-1 - Shutdown initiated...
2024-10-25T20:18:45.560+09:00  INFO 18528 --- [SpringApplicationShutdownHook] com.zaxxer.hikari.HikariDataSource       : HikariPool-1 - Shutdown completed.
2024-10-25T20:18:47.119+09:00  INFO 18902 --- [restartedMain] m.c.A.SpringBootDeveloperApplication     : Starting SpringBootDeveloperApplication using Java 17.0.10 with PID 18902 (/Users/myuyong/Desktop/spring_ex/AirBnb_renewal/out/production/classes started by myuyong in /Users/myuyong/Desktop/spring_ex/AirBnb_renewal)
2024-10-25T20:18:47.120+09:00  INFO 18902 --- [restartedMain] m.c.A.SpringBootDeveloperApplication     : No active profile set, falling back to 1 default profile: "default"
2024-10-25T20:18:47.140+09:00  INFO 18902 --- [restartedMain] .e.DevToolsPropertyDefaultsPostProcessor : Devtools property defaults active! Set 'spring.devtools.add-properties' to 'false' to disable
2024-10-25T20:18:47.140+09:00  INFO 18902 --- [restartedMain] .e.DevToolsPropertyDefaultsPostProcessor : For additional web related logging consider setting the 'logging.level.web' property to 'DEBUG'
2024-10-25T20:18:47.427+09:00  INFO 18902 --- [restartedMain] .s.d.r.c.RepositoryConfigurationDelegate : Bootstrapping Spring Data JPA repositories in DEFAULT mode.
2024-10-25T20:18:47.447+09:00  INFO 18902 --- [restartedMain] .s.d.r.c.RepositoryConfigurationDelegate : Finished Spring Data repository scanning in 17 ms. Found 1 JPA repository interface.
2024-10-25T20:18:47.693+09:00  INFO 18902 --- [restartedMain] o.s.b.w.embedded.tomcat.TomcatWebServer  : Tomcat initialized with port 8080 (http)
2024-10-25T20:18:47.697+09:00  INFO 18902 --- [restartedMain] o.apache.catalina.core.StandardService   : Starting service [Tomcat]
2024-10-25T20:18:47.697+09:00  INFO 18902 --- [restartedMain] o.apache.catalina.core.StandardEngine    : Starting Servlet engine: [Apache Tomcat/10.1.16]
2024-10-25T20:18:47.716+09:00  INFO 18902 --- [restartedMain] o.a.c.c.C.[Tomcat].[localhost].[/]       : Initializing Spring embedded WebApplicationContext
2024-10-25T20:18:47.716+09:00  INFO 18902 --- [restartedMain] w.s.c.ServletWebServerApplicationContext : Root WebApplicationContext: initialization completed in 576 ms
2024-10-25T20:18:47.775+09:00  INFO 18902 --- [restartedMain] o.hibernate.jpa.internal.util.LogHelper  : HHH000204: Processing PersistenceUnitInfo [name: default]
2024-10-25T20:18:47.795+09:00  INFO 18902 --- [restartedMain] org.hibernate.Version                    : HHH000412: Hibernate ORM core version 6.3.1.Final
2024-10-25T20:18:47.810+09:00  INFO 18902 --- [restartedMain] o.h.c.internal.RegionFactoryInitiator    : HHH000026: Second-level cache disabled
2024-10-25T20:18:47.903+09:00  INFO 18902 --- [restartedMain] o.s.o.j.p.SpringPersistenceUnitInfo      : No LoadTimeWeaver setup: ignoring JPA class transformer
2024-10-25T20:18:47.914+09:00  INFO 18902 --- [restartedMain] com.zaxxer.hikari.HikariDataSource       : HikariPool-1 - Starting...
2024-10-25T20:18:48.047+09:00  INFO 18902 --- [restartedMain] com.zaxxer.hikari.pool.HikariPool        : HikariPool-1 - Added connection com.mysql.cj.jdbc.ConnectionImpl@2f193876
2024-10-25T20:18:48.048+09:00  INFO 18902 --- [restartedMain] com.zaxxer.hikari.HikariDataSource       : HikariPool-1 - Start completed.
2024-10-25T20:18:48.071+09:00  WARN 18902 --- [restartedMain] org.hibernate.orm.deprecation            : HHH90000025: MySQLDialect does not need to be specified explicitly using 'hibernate.dialect' (remove the property setting and it will be selected by default)
2024-10-25T20:18:48.388+09:00  INFO 18902 --- [restartedMain] o.h.e.t.j.p.i.JtaPlatformInitiator       : HHH000489: No JTA platform available (set 'hibernate.transaction.jta.platform' to enable JTA platform integration)
2024-10-25T20:18:48.407+09:00  INFO 18902 --- [restartedMain] j.LocalContainerEntityManagerFactoryBean : Initialized JPA EntityManagerFactory for persistence unit 'default'
2024-10-25T20:18:48.565+09:00  WARN 18902 --- [restartedMain] JpaBaseConfiguration$JpaWebConfiguration : spring.jpa.open-in-view is enabled by default. Therefore, database queries may be performed during view rendering. Explicitly configure spring.jpa.open-in-view to disable this warning
2024-10-25T20:18:48.674+09:00  INFO 18902 --- [restartedMain] o.s.s.web.DefaultSecurityFilterChain     : Will secure any request with [org.springframework.security.web.session.DisableEncodeUrlFilter@3d9315, org.springframework.security.web.context.request.async.WebAsyncManagerIntegrationFilter@5928448a, org.springframework.security.web.context.SecurityContextHolderFilter@b4cfe5a, org.springframework.security.web.header.HeaderWriterFilter@4cd79b50, org.springframework.web.filter.CorsFilter@59117872, org.springframework.security.web.authentication.logout.LogoutFilter@659691de, org.springframework.security.web.authentication.UsernamePasswordAuthenticationFilter@773b016f, org.springframework.security.web.savedrequest.RequestCacheAwareFilter@6d7da42a, org.springframework.security.web.servletapi.SecurityContextHolderAwareRequestFilter@58397a40, org.springframework.security.web.authentication.AnonymousAuthenticationFilter@cd61174, org.springframework.security.web.access.ExceptionTranslationFilter@5187aa52, org.springframework.security.web.access.intercept.AuthorizationFilter@50fe201a]
2024-10-25T20:18:48.790+09:00  INFO 18902 --- [restartedMain] o.s.b.d.a.OptionalLiveReloadServer       : LiveReload server is running on port 35729
2024-10-25T20:18:48.813+09:00  INFO 18902 --- [restartedMain] o.s.b.w.embedded.tomcat.TomcatWebServer  : Tomcat started on port 8080 (http) with context path ''
2024-10-25T20:18:48.819+09:00  INFO 18902 --- [restartedMain] m.c.A.SpringBootDeveloperApplication     : Started SpringBootDeveloperApplication in 1.873 seconds (process running for 2.52)
2024-10-25T20:19:07.026+09:00  INFO 18902 --- [http-nio-8080-exec-1] o.a.c.c.C.[Tomcat].[localhost].[/]       : Initializing Spring DispatcherServlet 'dispatcherServlet'
2024-10-25T20:19:07.027+09:00  INFO 18902 --- [http-nio-8080-exec-1] o.s.web.servlet.DispatcherServlet        : Initializing Servlet 'dispatcherServlet'
2024-10-25T20:19:07.028+09:00  INFO 18902 --- [http-nio-8080-exec-1] o.s.web.servlet.DispatcherServlet        : Completed initialization in 1 ms
2024-10-25T20:19:07.033+09:00  WARN 18902 --- [http-nio-8080-exec-1] o.s.w.s.h.HandlerMappingIntrospector     : Cache miss for REQUEST dispatch to '/login' (previous null). Performing CorsConfiguration lookup. This is logged once only at WARN level, and every time at TRACE.
2024-10-25T20:19:07.039+09:00  WARN 18902 --- [http-nio-8080-exec-1] o.s.w.s.h.HandlerMappingIntrospector     : Cache miss for REQUEST dispatch to '/login' (previous null). Performing MatchableHandlerMapping lookup. This is logged once only at WARN level, and every time at TRACE.
2024-10-25T20:20:18.816+09:00  INFO 18902 --- [SpringApplicationShutdownHook] j.LocalContainerEntityManagerFactoryBean : Closing JPA EntityManagerFactory for persistence unit 'default'
2024-10-25T20:20:18.818+09:00  INFO 18902 --- [SpringApplicationShutdownHook] com.zaxxer.hikari.HikariDataSource       : HikariPool-1 - Shutdown initiated...
2024-10-25T20:20:18.822+09:00  INFO 18902 --- [SpringApplicationShutdownHook] com.zaxxer.hikari.HikariDataSource       : HikariPool-1 - Shutdown completed.
2024-10-25T20:20:20.692+09:00  INFO 19009 --- [restartedMain] m.c.A.SpringBootDeveloperApplication     : Starting SpringBootDeveloperApplication using Java 17.0.10 with PID 19009 (/Users/myuyong/Desktop/spring_ex/AirBnb_renewal/out/production/classes started by myuyong in /Users/myuyong/Desktop/spring_ex/AirBnb_renewal)
2024-10-25T20:20:20.693+09:00  INFO 19009 --- [restartedMain] m.c.A.SpringBootDeveloperApplication     : No active profile set, falling back to 1 default profile: "default"
2024-10-25T20:20:20.713+09:00  INFO 19009 --- [restartedMain] .e.DevToolsPropertyDefaultsPostProcessor : Devtools property defaults active! Set 'spring.devtools.add-properties' to 'false' to disable
2024-10-25T20:20:20.713+09:00  INFO 19009 --- [restartedMain] .e.DevToolsPropertyDefaultsPostProcessor : For additional web related logging consider setting the 'logging.level.web' property to 'DEBUG'
2024-10-25T20:20:20.962+09:00  INFO 19009 --- [restartedMain] .s.d.r.c.RepositoryConfigurationDelegate : Bootstrapping Spring Data JPA repositories in DEFAULT mode.
2024-10-25T20:20:20.981+09:00  INFO 19009 --- [restartedMain] .s.d.r.c.RepositoryConfigurationDelegate : Finished Spring Data repository scanning in 16 ms. Found 1 JPA repository interface.
2024-10-25T20:20:21.206+09:00  INFO 19009 --- [restartedMain] o.s.b.w.embedded.tomcat.TomcatWebServer  : Tomcat initialized with port 8080 (http)
2024-10-25T20:20:21.210+09:00  INFO 19009 --- [restartedMain] o.apache.catalina.core.StandardService   : Starting service [Tomcat]
2024-10-25T20:20:21.210+09:00  INFO 19009 --- [restartedMain] o.apache.catalina.core.StandardEngine    : Starting Servlet engine: [Apache Tomcat/10.1.16]
2024-10-25T20:20:21.228+09:00  INFO 19009 --- [restartedMain] o.a.c.c.C.[Tomcat].[localhost].[/]       : Initializing Spring embedded WebApplicationContext
2024-10-25T20:20:21.228+09:00  INFO 19009 --- [restartedMain] w.s.c.ServletWebServerApplicationContext : Root WebApplicationContext: initialization completed in 515 ms
2024-10-25T20:20:21.291+09:00  INFO 19009 --- [restartedMain] o.hibernate.jpa.internal.util.LogHelper  : HHH000204: Processing PersistenceUnitInfo [name: default]
2024-10-25T20:20:21.311+09:00  INFO 19009 --- [restartedMain] org.hibernate.Version                    : HHH000412: Hibernate ORM core version 6.3.1.Final
2024-10-25T20:20:21.323+09:00  INFO 19009 --- [restartedMain] o.h.c.internal.RegionFactoryInitiator    : HHH000026: Second-level cache disabled
2024-10-25T20:20:21.417+09:00  INFO 19009 --- [restartedMain] o.s.o.j.p.SpringPersistenceUnitInfo      : No LoadTimeWeaver setup: ignoring JPA class transformer
2024-10-25T20:20:21.428+09:00  INFO 19009 --- [restartedMain] com.zaxxer.hikari.HikariDataSource       : HikariPool-1 - Starting...
2024-10-25T20:20:21.546+09:00  INFO 19009 --- [restartedMain] com.zaxxer.hikari.pool.HikariPool        : HikariPool-1 - Added connection com.mysql.cj.jdbc.ConnectionImpl@29a916d0
2024-10-25T20:20:21.547+09:00  INFO 19009 --- [restartedMain] com.zaxxer.hikari.HikariDataSource       : HikariPool-1 - Start completed.
2024-10-25T20:20:21.570+09:00  WARN 19009 --- [restartedMain] org.hibernate.orm.deprecation            : HHH90000025: MySQLDialect does not need to be specified explicitly using 'hibernate.dialect' (remove the property setting and it will be selected by default)
2024-10-25T20:20:21.869+09:00  INFO 19009 --- [restartedMain] o.h.e.t.j.p.i.JtaPlatformInitiator       : HHH000489: No JTA platform available (set 'hibernate.transaction.jta.platform' to enable JTA platform integration)
2024-10-25T20:20:21.888+09:00  INFO 19009 --- [restartedMain] j.LocalContainerEntityManagerFactoryBean : Initialized JPA EntityManagerFactory for persistence unit 'default'
2024-10-25T20:20:22.025+09:00  WARN 19009 --- [restartedMain] JpaBaseConfiguration$JpaWebConfiguration : spring.jpa.open-in-view is enabled by default. Therefore, database queries may be performed during view rendering. Explicitly configure spring.jpa.open-in-view to disable this warning
2024-10-25T20:20:22.125+09:00  INFO 19009 --- [restartedMain] o.s.s.web.DefaultSecurityFilterChain     : Will secure any request with [org.springframework.security.web.session.DisableEncodeUrlFilter@76007214, org.springframework.security.web.context.request.async.WebAsyncManagerIntegrationFilter@1975f22e, org.springframework.security.web.context.SecurityContextHolderFilter@42b47a9f, org.springframework.security.web.header.HeaderWriterFilter@532c467b, org.springframework.web.filter.CorsFilter@754d3871, org.springframework.security.web.authentication.logout.LogoutFilter@54a305d2, org.springframework.security.web.authentication.UsernamePasswordAuthenticationFilter@2039e46e, org.springframework.security.web.savedrequest.RequestCacheAwareFilter@596f093f, org.springframework.security.web.servletapi.SecurityContextHolderAwareRequestFilter@3ed9d345, org.springframework.security.web.authentication.AnonymousAuthenticationFilter@139399c9, org.springframework.security.web.access.ExceptionTranslationFilter@c9a62f6, org.springframework.security.web.access.intercept.AuthorizationFilter@1cf5b81a]
2024-10-25T20:20:22.213+09:00  INFO 19009 --- [restartedMain] o.s.b.d.a.OptionalLiveReloadServer       : LiveReload server is running on port 35729
2024-10-25T20:20:22.234+09:00  INFO 19009 --- [restartedMain] o.s.b.w.embedded.tomcat.TomcatWebServer  : Tomcat started on port 8080 (http) with context path ''
2024-10-25T20:20:22.239+09:00  INFO 19009 --- [restartedMain] m.c.A.SpringBootDeveloperApplication     : Started SpringBootDeveloperApplication in 1.735 seconds (process running for 1.998)
2024-10-25T20:20:31.074+09:00  INFO 19009 --- [http-nio-8080-exec-1] o.a.c.c.C.[Tomcat].[localhost].[/]       : Initializing Spring DispatcherServlet 'dispatcherServlet'
2024-10-25T20:20:31.074+09:00  INFO 19009 --- [http-nio-8080-exec-1] o.s.web.servlet.DispatcherServlet        : Initializing Servlet 'dispatcherServlet'
2024-10-25T20:20:31.075+09:00  INFO 19009 --- [http-nio-8080-exec-1] o.s.web.servlet.DispatcherServlet        : Completed initialization in 1 ms
2024-10-25T20:20:31.080+09:00  WARN 19009 --- [http-nio-8080-exec-1] o.s.w.s.h.HandlerMappingIntrospector     : Cache miss for REQUEST dispatch to '/' (previous null). Performing CorsConfiguration lookup. This is logged once only at WARN level, and every time at TRACE.
2024-10-25T20:20:31.084+09:00  WARN 19009 --- [http-nio-8080-exec-1] o.s.w.s.h.HandlerMappingIntrospector     : Cache miss for REQUEST dispatch to '/' (previous null). Performing MatchableHandlerMapping lookup. This is logged once only at WARN level, and every time at TRACE.
2024-10-25T20:22:11.870+09:00  INFO 19009 --- [SpringApplicationShutdownHook] j.LocalContainerEntityManagerFactoryBean : Closing JPA EntityManagerFactory for persistence unit 'default'
2024-10-25T20:22:11.871+09:00  INFO 19009 --- [SpringApplicationShutdownHook] com.zaxxer.hikari.HikariDataSource       : HikariPool-1 - Shutdown initiated...
2024-10-25T20:22:11.874+09:00  INFO 19009 --- [SpringApplicationShutdownHook] com.zaxxer.hikari.HikariDataSource       : HikariPool-1 - Shutdown completed.
